INFO:sim:172 - Generating IP...
Applying current project options...
Finished applying current project options.
WARNING:sim - A core named 'blockmemory16x1' already exists in the project.
   Output products for this core may be overwritten.
Resolving generics for 'blockmemory16x1'...
WARNING:sim - A core named 'blockmemory16x1' already exists in the project.
   Output products for this core may be overwritten.
Applying external generics to 'blockmemory16x1'...
Delivering associated files for 'blockmemory16x1'...
Delivering EJava files for 'blockmemory16x1'...
Generating implementation netlist for 'blockmemory16x1'...
INFO:sim - Pre-processing HDL files for 'blockmemory16x1'...
Running synthesis for 'blockmemory16x1'
Running ngcbuild...
Writing VEO instantiation template for 'blockmemory16x1'...
Writing Verilog behavioral simulation model for 'blockmemory16x1'...
Generating ASY schematic symbol...
INFO:sim:949 - Finished generation of ASY schematic symbol.
Generating SYM schematic symbol for 'blockmemory16x1'...
Generating metadata file...
Generating ISE project...
XCO file found: blockmemory16x1.xco
XMDF file found: blockmemory16x1_xmdf.tcl
Adding
C:/Users/szalayvm/Documents/CSSE232/memory/ipcore_dir/tmp/_cg/blk_mem_gen_v6_3_r
eadme.txt -view all -origin_type imported
Adding
C:/Users/szalayvm/Documents/CSSE232/memory/ipcore_dir/tmp/_cg/blockmemory16x1.as
y -view all -origin_type imported
Adding
C:/Users/szalayvm/Documents/CSSE232/memory/ipcore_dir/tmp/_cg/blockmemory16x1.ng
c -view all -origin_type created
Checking file
"C:/Users/szalayvm/Documents/CSSE232/memory/ipcore_dir/tmp/_cg/blockmemory16x1.n
gc" for project device match ...
File
"C:/Users/szalayvm/Documents/CSSE232/memory/ipcore_dir/tmp/_cg/blockmemory16x1.n
gc" device information matches project device.
Adding
C:/Users/szalayvm/Documents/CSSE232/memory/ipcore_dir/tmp/_cg/blockmemory16x1.sy
m -view all -origin_type imported
Adding
C:/Users/szalayvm/Documents/CSSE232/memory/ipcore_dir/tmp/_cg/blockmemory16x1.v
-view all -origin_type created
INFO:HDLCompiler:1845 - Analyzing Verilog file
   "C:/Users/szalayvm/Documents/CSSE232/memory/ipcore_dir/tmp/_cg/blockmemory16x
   1.v" into library work
INFO:ProjectMgmt - Parsing design hierarchy completed successfully.
Adding
C:/Users/szalayvm/Documents/CSSE232/memory/ipcore_dir/tmp/_cg/blockmemory16x1.ve
o -view all -origin_type imported
INFO:TclTasksC:2116 - The automatic calculation of top has been turned-off.
   Please set the new top explicitly by running the "project set top" command.
   To re-calculate the new top automatically, set the "Auto Implementation Top"
   property to true.
Top level has been set to "/blockmemory16x1"
Generating README file...
Generating FLIST file...
INFO:sim:948 - Finished FLIST file generation.
Launching README viewer...
Moving files to output directory...
Finished moving files to output directory
Wrote CGP file for project 'blockmemory16x1'.
